Determining if the pthread_create exist failed with the following output:
Change Dir: /home/pi/Desktop/Advanced-Training-Program/Class2/facedetect/CMakeFiles/CMakeTmp

Run Build Command:"/usr/bin/make" "cmTryCompileExec586925511/fast"
/usr/bin/make -f CMakeFiles/cmTryCompileExec586925511.dir/build.make CMakeFiles/cmTryCompileExec586925511.dir/build
make[1]: Entering directory '/home/pi/Desktop/Advanced-Training-Program/Class2/facedetect/CMakeFiles/CMakeTmp'
/usr/bin/cmake -E cmake_progress_report /home/pi/Desktop/Advanced-Training-Program/Class2/facedetect/CMakeFiles/CMakeTmp/CMakeFiles 1
Building C object CMakeFiles/cmTryCompileExec586925511.dir/CheckSymbolExists.c.o
/usr/bin/cc    -o CMakeFiles/cmTryCompileExec586925511.dir/CheckSymbolExists.c.o   -c /home/pi/Desktop/Advanced-Training-Program/Class2/facedetect/CMakeFiles/CMakeTmp/CheckSymbolExists.c
Linking C executable cmTryCompileExec586925511
/usr/bin/cmake -E cmake_link_script CMakeFiles/cmTryCompileExec586925511.dir/link.txt --verbose=1
/usr/bin/cc       CMakeFiles/cmTryCompileExec586925511.dir/CheckSymbolExists.c.o  -o cmTryCompileExec586925511 -rdynamic 
CMakeFiles/cmTryCompileExec586925511.dir/CheckSymbolExists.c.o: In function `main':
CheckSymbolExists.c:(.text+0x38): undefined reference to `pthread_create'
collect2: error: ld returned 1 exit status
CMakeFiles/cmTryCompileExec586925511.dir/build.make:88: recipe for target 'cmTryCompileExec586925511' failed
make[1]: *** [cmTryCompileExec586925511] Error 1
make[1]: Leaving directory '/home/pi/Desktop/Advanced-Training-Program/Class2/facedetect/CMakeFiles/CMakeTmp'
Makefile:118: recipe for target 'cmTryCompileExec586925511/fast' failed
make: *** [cmTryCompileExec586925511/fast] Error 2

File /home/pi/Desktop/Advanced-Training-Program/Class2/facedetect/CMakeFiles/CMakeTmp/CheckSymbolExists.c:
/* */
#include <pthread.h>

int main(int argc, char** argv)
{
  (void)argv;
#ifndef pthread_create
  return ((int*)(&pthread_create))[argc];
#else
  (void)argc;
  return 0;
#endif
}

Determining if the function pthread_create exists in the pthreads failed with the following output:
Change Dir: /home/pi/Desktop/Advanced-Training-Program/Class2/facedetect/CMakeFiles/CMakeTmp

Run Build Command:"/usr/bin/make" "cmTryCompileExec1570976953/fast"
/usr/bin/make -f CMakeFiles/cmTryCompileExec1570976953.dir/build.make CMakeFiles/cmTryCompileExec1570976953.dir/build
make[1]: Entering directory '/home/pi/Desktop/Advanced-Training-Program/Class2/facedetect/CMakeFiles/CMakeTmp'
/usr/bin/cmake -E cmake_progress_report /home/pi/Desktop/Advanced-Training-Program/Class2/facedetect/CMakeFiles/CMakeTmp/CMakeFiles 1
Building C object CMakeFiles/cmTryCompileExec1570976953.dir/CheckFunctionExists.c.o
/usr/bin/cc   -DCHECK_FUNCTION_EXISTS=pthread_create   -o CMakeFiles/cmTryCompileExec1570976953.dir/CheckFunctionExists.c.o   -c /usr/share/cmake-3.0/Modules/CheckFunctionExists.c
Linking C executable cmTryCompileExec1570976953
/usr/bin/cmake -E cmake_link_script CMakeFiles/cmTryCompileExec1570976953.dir/link.txt --verbose=1
/usr/bin/cc   -DCHECK_FUNCTION_EXISTS=pthread_create    CMakeFiles/cmTryCompileExec1570976953.dir/CheckFunctionExists.c.o  -o cmTryCompileExec1570976953 -rdynamic -lpthreads 
/usr/bin/ld: cannot find -lpthreads
collect2: error: ld returned 1 exit status
CMakeFiles/cmTryCompileExec1570976953.dir/build.make:88: recipe for target 'cmTryCompileExec1570976953' failed
make[1]: Leaving directory '/home/pi/Desktop/Advanced-Training-Program/Class2/facedetect/CMakeFiles/CMakeTmp'
make[1]: *** [cmTryCompileExec1570976953] Error 1
Makefile:118: recipe for target 'cmTryCompileExec1570976953/fast' failed
make: *** [cmTryCompileExec1570976953/fast] Error 2


